aaa_base-15.0-x86_64-4_slack15.0
aaa_glibc-solibs-2.33-x86_64-5
aaa_libraries-15.0-x86_64-19
aaa_terminfo-6.3-x86_64-1
acl-2.3.1-x86_64-1
attr-2.5.1-x86_64-1
bash-5.1.016-x86_64-1
bin-11.1-x86_64-5
bind-9.16.29-x86_64-1_slack15.0
bzip2-1.0.8-x86_64-3
coreutils-9.0-x86_64-3
cracklib-2.9.7-x86_64-3
dialog-1.3_20211214-x86_64-1
diffutils-3.8-x86_64-1
e2fsprogs-1.46.5-x86_64-1
elvis-2.2_0-x86_64-8
etc-15.0-x86_64-17
file-5.41-x86_64-1
findutils-4.8.0-x86_64-3
gawk-5.1.1-x86_64-1
gettext-0.21-x86_64-3
gmp-6.2.1-x86_64-3
gnupg-1.4.23-x86_64-4
gnutls-3.7.7-x86_64-1_slack15.0
grep-3.7-x86_64-1
gzip-1.12-x86_64-1_slack15.0
iproute2-5.16.0-x86_64-1
libcgroup-0.41-x86_64-10
libpsl-0.21.1-x86_64-4
libpwquality-1.4.4-x86_64-6
libunistring-0.9.10-x86_64-3
mpfr-4.1.0-x86_64-3
ncurses-6.3-x86_64-1
net-tools-20181103_0eebece-x86_64-3
nvi-1.81.6-x86_64-3
openssh-8.8p1-x86_64-2
openssl-1.1.1q-x86_64-1_slack15.0
pam-1.5.2-x86_64-1
patch-2.7.6-x86_64-5
pcre-8.45-x86_64-1
pcre2-10.39-x86_64-1
pkgtools-15.0-noarch-42
procps-ng-3.3.17-x86_64-2
samba-4.15.9-x86_64-1_slack15.0
sed-4.8-x86_64-3
shadow-4.8.1-x86_64-12
slackpkg-15.0.10-noarch-1
sysfsutils-2.1.0-x86_64-4
tar-1.34-x86_64-1
time-1.9-x86_64-4
tree-1.8.0-x86_64-3
utempter-1.2.0-x86_64-3
util-linux-2.37.4-x86_64-1_slack15.0
wget-1.21.2-x86_64-1
which-2.21-x86_64-4
xz-5.2.5-x86_64-4_slack15.0
